<?xml version="1.0" encoding="utf-8"?><testsuites><testsuite name="pytest" errors="0" failures="0" skipped="0" tests="0" time="0.091" timestamp="2025-01-20T21:57:14.039658" hostname="Mac.hsd1.fl.comcast.net" /></testsuites>